	Exporter version: 3.0.6, Blender version: 2.76 (sub 0)
========= Conversion from Blender to Babylon.js =========
	Python World class constructor completed
	processing begun of skeleton:  Armature, id:  0
	processing begun of bone:  stalk, index:  0
	animation begun of bone:  stalk
	processing begun of bone:  cap, index:  1
	animation begun of bone:  cap
	processing complete of skeleton:  Armature
	processing begun of mesh:  mushroom
		processing begun of Standard material:  mushroom
		Diffuse texture found
			Image texture found, type:  diffuseTexture, mapped using: "UVMap"
		num positions      :  420
		num normals        :  420
		num uvs            :  840
		num uvs2           :  0
		num colors         :  1680
		num indices        :  420
		num skeletonWeights:  1680
		num skeletonIndices:  1680
	FCurve animation processing begun for:  Camera
	processing begun of camera (FreeCamera):  Camera
	processing begun of light (POINT):  Point.002
	processing begun of light (POINT):  Point.001
	processing begun of light (POINT):  Point
	processing begun of light (POINT):  Lamp
========= Writing of scene file started =========
========= Writing of scene file completed =========
========= end of processing =========
elapsed time:  0 min, 0.1061 secs
