	Exporter version: 3.0.6, Blender version: 2.76 (sub 0)
========= Conversion from Blender to Babylon.js =========
	Python World class constructor completed
	WARNING: No active camera has been assigned, or is not in a currently selected Blender layer
	processing begun of mesh:  polygon1
		processing begun of Standard material:  mat2
		Diffuse texture found
			Image texture found, type:  diffuseTexture, mapped using: "UVMap"
	Error encountered processing image file:  , Error:  'C:\\wamp\\www\\BabylonJS\\gummy_drugs_attack\\assets\\PoisonMushroom\\k_eye.png' and 'C:\\wamp\\www\\BabylonJS\\gummy_drugs_attack\\assets\\PoisonMushroom\\k_eye.png' are the same file
		num positions      :  38
		num normals        :  38
		num uvs            :  76
		num uvs2           :  0
		num colors         :  0
		num indices        :  132
	processing begun of mesh:  polygon2
		processing begun of Standard material:  mat1
		Diffuse texture found
			Image texture found, type:  diffuseTexture, mapped using: "UVMap"
	Error encountered processing image file:  , Error:  'C:\\wamp\\www\\BabylonJS\\gummy_drugs_attack\\assets\\PoisonMushroom\\k_body.png' and 'C:\\wamp\\www\\BabylonJS\\gummy_drugs_attack\\assets\\PoisonMushroom\\k_body.png' are the same file
		num positions      :  82
		num normals        :  82
		num uvs            :  164
		num uvs2           :  0
		num colors         :  0
		num indices        :  438
	processing begun of mesh:  polygon3
		processing begun of Standard material:  mat3
		Diffuse texture found
			Image texture found, type:  diffuseTexture, mapped using: "UVMap"
	Error encountered processing image file:  , Error:  'C:\\wamp\\www\\BabylonJS\\gummy_drugs_attack\\assets\\PoisonMushroom\\k_head.png' and 'C:\\wamp\\www\\BabylonJS\\gummy_drugs_attack\\assets\\PoisonMushroom\\k_head.png' are the same file
		num positions      :  145
		num normals        :  145
		num uvs            :  290
		num uvs2           :  0
		num colors         :  0
		num indices        :  588
	processing begun of mesh:  polygon0
		processing begun of Standard material:  mat4
		Diffuse texture found
			Image texture found, type:  diffuseTexture, mapped using: "UVMap"
	Error encountered processing image file:  , Error:  'C:\\wamp\\www\\BabylonJS\\gummy_drugs_attack\\assets\\PoisonMushroom\\k_head_shade.png' and 'C:\\wamp\\www\\BabylonJS\\gummy_drugs_attack\\assets\\PoisonMushroom\\k_head_shade.png' are the same file
		num positions      :  48
		num normals        :  48
		num uvs            :  96
		num uvs2           :  0
		num colors         :  0
		num indices        :  228
========= Writing of scene file started =========
========= Writing of scene file completed =========
========= end of processing =========
elapsed time:  0 min, 0.0371 secs
